<?xml version="1.0" encoding="UTF-8"?>
<testsuite name="TestSuite" time="2.414" tests="14" errors="0" skipped="13" failures="1">
  <properties>
[...]
</properties>
  <testcase name="SetUp" classname="com.testing.SetUp" time="2.414">
    <failure message="Connection refused&#10;Build info: version: &apos;3.14.0&apos;, revision: &apos;aacccce0&apos;, time: &apos;2018-08-02T20:19:58.91Z&apos;&#10;System info: host: &apos;Ilhams-MacBook-Pro.local&apos;, ip: &apos;fe80:0:0:0:83c:15d6:6cda:e3f5%en0&apos;, os.name: &apos;Mac OS X&apos;, os.arch: &apos;x86_64&apos;, os.version: &apos;13.0&apos;, java.version: &apos;19.0.1&apos;&#10;Driver info: driver.version: AndroidDriver" type="org.openqa.selenium.WebDriverException"><![CDATA[org.openqa.selenium.WebDriverException: Connection refused
Build info: version: '3.14.0', revision: 'aacccce0', time: '2018-08-02T20:19:58.91Z'
System info: host: 'Ilhams-MacBook-Pro.local', ip: 'fe80:0:0:0:83c:15d6:6cda:e3f5%en0', os.name: 'Mac OS X', os.arch: 'x86_64', os.version: '13.0', java.version: '19.0.1'
Driver info: driver.version: AndroidDriver
	at java.base/sun.nio.ch.Net.pollConnect(Native Method)
	at java.base/sun.nio.ch.Net.pollConnectNow(Net.java:672)
	at java.base/sun.nio.ch.NioSocketImpl.timedFinishConnect(NioSocketImpl.java:535)
	at java.base/sun.nio.ch.NioSocketImpl.connect(NioSocketImpl.java:585)
	at java.base/java.net.SocksSocketImpl.connect(SocksSocketImpl.java:327)
	at java.base/java.net.Socket.connect(Socket.java:666)
	at okhttp3.internal.platform.Platform.connectSocket(Platform.java:129)
	at okhttp3.internal.connection.RealConnection.connectSocket(RealConnection.java:240)
	at okhttp3.internal.connection.RealConnection.connect(RealConnection.java:160)
	at okhttp3.internal.connection.StreamAllocation.findConnection(StreamAllocation.java:257)
	at okhttp3.internal.connection.StreamAllocation.findHealthyConnection(StreamAllocation.java:135)
	at okhttp3.internal.connection.StreamAllocation.newStream(StreamAllocation.java:114)
	at okhttp3.internal.connection.ConnectInterceptor.intercept(ConnectInterceptor.java:42)
	at okhttp3.internal.http.RealInterceptorChain.proceed(RealInterceptorChain.java:147)
	at okhttp3.internal.http.RealInterceptorChain.proceed(RealInterceptorChain.java:121)
	at okhttp3.internal.cache.CacheInterceptor.intercept(CacheInterceptor.java:93)
	at okhttp3.internal.http.RealInterceptorChain.proceed(RealInterceptorChain.java:147)
	at okhttp3.internal.http.RealInterceptorChain.proceed(RealInterceptorChain.java:121)
	at okhttp3.internal.http.BridgeInterceptor.intercept(BridgeInterceptor.java:93)
	at okhttp3.internal.http.RealInterceptorChain.proceed(RealInterceptorChain.java:147)
	at okhttp3.internal.http.RetryAndFollowUpInterceptor.intercept(RetryAndFollowUpInterceptor.java:126)
	at okhttp3.internal.http.RealInterceptorChain.proceed(RealInterceptorChain.java:147)
	at okhttp3.internal.http.RealInterceptorChain.proceed(RealInterceptorChain.java:121)
	at okhttp3.RealCall.getResponseWithInterceptorChain(RealCall.java:200)
	at okhttp3.RealCall.execute(RealCall.java:77)
	at org.openqa.selenium.remote.internal.OkHttpClient.execute(OkHttpClient.java:105)
	at org.openqa.selenium.remote.ProtocolHandshake.createSession(ProtocolHandshake.java:101)
	at java.base/jdk.internal.reflect.DirectMethodHandleAccessor.invoke(DirectMethodHandleAccessor.java:104)
	at java.base/java.lang.reflect.Method.invoke(Method.java:578)
	at io.appium.java_client.remote.AppiumCommandExecutor$1.createSession(AppiumCommandExecutor.java:185)
	at io.appium.java_client.remote.AppiumCommandExecutor.createSession(AppiumCommandExecutor.java:209)
	at io.appium.java_client.remote.AppiumCommandExecutor.execute(AppiumCommandExecutor.java:231)
	at org.openqa.selenium.remote.RemoteWebDriver.execute(RemoteWebDriver.java:548)
	at io.appium.java_client.DefaultGenericMobileDriver.execute(DefaultGenericMobileDriver.java:42)
	at io.appium.java_client.AppiumDriver.execute(AppiumDriver.java:1)
	at io.appium.java_client.android.AndroidDriver.execute(AndroidDriver.java:1)
	at org.openqa.selenium.remote.RemoteWebDriver.startSession(RemoteWebDriver.java:212)
	at org.openqa.selenium.remote.RemoteWebDriver.<init>(RemoteWebDriver.java:130)
	at io.appium.java_client.DefaultGenericMobileDriver.<init>(DefaultGenericMobileDriver.java:38)
	at io.appium.java_client.AppiumDriver.<init>(AppiumDriver.java:84)
	at io.appium.java_client.AppiumDriver.<init>(AppiumDriver.java:94)
	at io.appium.java_client.android.AndroidDriver.<init>(AndroidDriver.java:93)
	at com.testing.SetUp.SetUp(SetUp.java:70)
]]></failure>
    <system-out><![CDATA[[DEBUG] SetUp initiated
[DEBUG] Test platform: android
]]></system-out>
    <system-err><![CDATA[SLF4J: Failed to load class "org.slf4j.impl.StaticLoggerBinder".
SLF4J: Defaulting to no-operation (NOP) logger implementation
SLF4J: See http://www.slf4j.org/codes.html#StaticLoggerBinder for further details.
]]></system-err>
  </testcase>
  <testcase name="SkipSplashScreen" classname="com.testing.tokopedia.SplashScreen" time="0">
    <skipped/>
    <system-out><![CDATA[[DEBUG] SplashScreen|Executing SkipSplashScreen|Thread 1|{platform=android}
[DEBUG] SplashScreen|Test SkipSplashScreen is Skipped in 0 ms|Thread 1
]]></system-out>
  </testcase>
  <testcase name="Search" classname="com.testing.tokopedia.Home" time="0">
    <skipped/>
    <system-out><![CDATA[[DEBUG] Home|Executing Search|Thread 1|{input=sepatu futsal, platform=android}
[DEBUG] Home|Test Search is Skipped in 0 ms|Thread 1
]]></system-out>
  </testcase>
  <testcase name="OrderBy" classname="com.testing.tokopedia.search.Search" time="0">
    <skipped/>
    <system-out><![CDATA[[DEBUG] Search|Executing OrderBy|Thread 1|{input=Harga Tertinggi, platform=android}
[DEBUG] Search|Test OrderBy is Skipped in 0 ms|Thread 1
]]></system-out>
  </testcase>
  <testcase name="SelectTopAds" classname="com.testing.tokopedia.search.Search" time="0">
    <skipped/>
    <system-out><![CDATA[[DEBUG] Search|Executing SelectTopAds|Thread 1|{platform=android}
[DEBUG] Search|Test SelectTopAds is Skipped in 0 ms|Thread 1
]]></system-out>
  </testcase>
  <testcase name="SummaryLogin" classname="com.testing.tokopedia.Login" time="0">
    <skipped/>
    <system-out><![CDATA[[DEBUG] Login|Executing SummaryLogin|Thread 1|{platform=android}
[DEBUG] Login|Test SummaryLogin is Skipped in 0 ms|Thread 1
]]></system-out>
  </testcase>
  <testcase name="Buy" classname="com.testing.tokopedia.search.Summary" time="0">
    <skipped/>
    <system-out><![CDATA[[DEBUG] Summary|Executing Buy|Thread 1|{platform=android}
[DEBUG] Summary|Test Buy is Skipped in 0 ms|Thread 1
]]></system-out>
  </testcase>
  <testcase name="Note" classname="com.testing.tokopedia.search.Cart" time="0">
    <skipped/>
    <system-out><![CDATA[[DEBUG] Cart|Executing Note|Thread 1|{input=testing long notes, platform=android}
[DEBUG] Cart|Test Note is Skipped in 0 ms|Thread 1
]]></system-out>
  </testcase>
  <testcase name="AddQuantity" classname="com.testing.tokopedia.search.Cart" time="0">
    <skipped/>
    <system-out><![CDATA[[DEBUG] Cart|Executing AddQuantity|Thread 1|{platform=android}
[DEBUG] Cart|Test AddQuantity is Skipped in 0 ms|Thread 1
]]></system-out>
  </testcase>
  <testcase name="Checkout" classname="com.testing.tokopedia.search.Cart" time="0">
    <skipped/>
    <system-out><![CDATA[[DEBUG] Cart|Executing Checkout|Thread 1|{platform=android}
[DEBUG] Cart|Test Checkout is Skipped in 0 ms|Thread 1
]]></system-out>
  </testcase>
  <testcase name="ChooseCourrier" classname="com.testing.tokopedia.search.Checkout" time="0">
    <skipped/>
    <system-out><![CDATA[[DEBUG] Checkout|Executing ChooseCourrier|Thread 1|{platform=android}
[DEBUG] Checkout|Test ChooseCourrier is Skipped in 0 ms|Thread 1
]]></system-out>
  </testcase>
  <testcase name="Pay" classname="com.testing.tokopedia.search.Checkout" time="0">
    <skipped/>
    <system-out><![CDATA[[DEBUG] Checkout|Executing Pay|Thread 1|{platform=android}
[DEBUG] Checkout|Test Pay is Skipped in 0 ms|Thread 1
]]></system-out>
  </testcase>
  <testcase name="AfterTest" classname="com.testing.SetUp" time="0">
    <skipped/>
  </testcase>
  <testcase name="AfterSuite" classname="com.testing.SetUp" time="0">
    <skipped/>
  </testcase>
</testsuite>