<?xml version="1.0" encoding="UTF-8"?>
<!-- Generated by org.testng.reporters.JUnitXMLReporter -->
<testsuite ignored="2" hostname="Ilhams-MacBook-Pro.local" failures="0" tests="11" name="PR_IT_001 Purchase sepatu futsal with order by Harga Tertinggi in android" time="1.267" errors="0" timestamp="2022-11-16T23:47:00 WIB">
  <testcase classname="com.testing.SetUp" name="@BeforeTest SetUp" time="1.129">
    <failure type="org.openqa.selenium.WebDriverException" message="Connection refused
Build info: version: &amp;apos;3.14.0&amp;apos;, revision: &amp;apos;aacccce0&amp;apos;, time: &amp;apos;2018-08-02T20:19:58.91Z&amp;apos;
System info: host: &amp;apos;Ilhams-MacBook-Pro.local&amp;apos;, ip: &amp;apos;fe80:0:0:0:83c:15d6:6cda:e3f5%en0&amp;apos;, os.name: &amp;apos;Mac OS X&amp;apos;, os.arch: &amp;apos;x86_64&amp;apos;, os.version: &amp;apos;13.0&amp;apos;, java.version: &amp;apos;19.0.1&amp;apos;
Driver info: driver.version: AndroidDriver">
      <![CDATA[org.openqa.selenium.WebDriverException: Connection refused
Build info: version: '3.14.0', revision: 'aacccce0', time: '2018-08-02T20:19:58.91Z'
System info: host: 'Ilhams-MacBook-Pro.local', ip: 'fe80:0:0:0:83c:15d6:6cda:e3f5%en0', os.name: 'Mac OS X', os.arch: 'x86_64', os.version: '13.0', java.version: '19.0.1'
Driver info: driver.version: AndroidDriver
at io.appium.java_client.remote.AppiumCommandExecutor.lambda$2(AppiumCommandExecutor.java:243)
at java.base/java.util.Optional.orElseGet(Optional.java:364)
at io.appium.java_client.remote.AppiumCommandExecutor.execute(AppiumCommandExecutor.java:242)
at org.openqa.selenium.remote.RemoteWebDriver.execute(RemoteWebDriver.java:548)
at io.appium.java_client.DefaultGenericMobileDriver.execute(DefaultGenericMobileDriver.java:42)
at io.appium.java_client.AppiumDriver.execute(AppiumDriver.java:1)
at io.appium.java_client.android.AndroidDriver.execute(AndroidDriver.java:1)
at org.openqa.selenium.remote.RemoteWebDriver.startSession(RemoteWebDriver.java:212)
at org.openqa.selenium.remote.RemoteWebDriver.<init>(RemoteWebDriver.java:130)
at io.appium.java_client.DefaultGenericMobileDriver.<init>(DefaultGenericMobileDriver.java:38)
at io.appium.java_client.AppiumDriver.<init>(AppiumDriver.java:84)
at io.appium.java_client.AppiumDriver.<init>(AppiumDriver.java:94)
at io.appium.java_client.android.AndroidDriver.<init>(AndroidDriver.java:93)
at com.testing.SetUp.SetUp(SetUp.java:70)
Caused by: java.net.ConnectException: Connection refused
at java.base/sun.nio.ch.Net.pollConnect(Native Method)
at java.base/sun.nio.ch.Net.pollConnectNow(Net.java:672)
at java.base/sun.nio.ch.NioSocketImpl.timedFinishConnect(NioSocketImpl.java:535)
at java.base/sun.nio.ch.NioSocketImpl.connect(NioSocketImpl.java:585)
at java.base/java.net.SocksSocketImpl.connect(SocksSocketImpl.java:327)
at java.base/java.net.Socket.connect(Socket.java:666)
at okhttp3.internal.platform.Platform.connectSocket(Platform.java:129)
at okhttp3.internal.connection.RealConnection.connectSocket(RealConnection.java:240)
at okhttp3.internal.connection.RealConnection.connect(RealConnection.java:160)
at okhttp3.internal.connection.StreamAllocation.findConnection(StreamAllocation.java:257)
at okhttp3.internal.connection.StreamAllocation.findHealthyConnection(StreamAllocation.java:135)
at okhttp3.internal.connection.StreamAllocation.newStream(StreamAllocation.java:114)
at okhttp3.internal.connection.ConnectInterceptor.intercept(ConnectInterceptor.java:42)
at okhttp3.internal.http.RealInterceptorChain.proceed(RealInterceptorChain.java:147)
at okhttp3.internal.http.RealInterceptorChain.proceed(RealInterceptorChain.java:121)
at okhttp3.internal.cache.CacheInterceptor.intercept(CacheInterceptor.java:93)
at okhttp3.internal.http.RealInterceptorChain.proceed(RealInterceptorChain.java:147)
at okhttp3.internal.http.RealInterceptorChain.proceed(RealInterceptorChain.java:121)
at okhttp3.internal.http.BridgeInterceptor.intercept(BridgeInterceptor.java:93)
at okhttp3.internal.http.RealInterceptorChain.proceed(RealInterceptorChain.java:147)
at okhttp3.internal.http.RetryAndFollowUpInterceptor.intercept(RetryAndFollowUpInterceptor.java:126)
at okhttp3.internal.http.RealInterceptorChain.proceed(RealInterceptorChain.java:147)
at okhttp3.internal.http.RealInterceptorChain.proceed(RealInterceptorChain.java:121)
at okhttp3.RealCall.getResponseWithInterceptorChain(RealCall.java:200)
at okhttp3.RealCall.execute(RealCall.java:77)
at org.openqa.selenium.remote.internal.OkHttpClient.execute(OkHttpClient.java:105)
at org.openqa.selenium.remote.ProtocolHandshake.createSession(ProtocolHandshake.java:101)
at io.appium.java_client.remote.AppiumCommandExecutor$1.createSession(AppiumCommandExecutor.java:185)
at io.appium.java_client.remote.AppiumCommandExecutor.createSession(AppiumCommandExecutor.java:209)
at io.appium.java_client.remote.AppiumCommandExecutor.execute(AppiumCommandExecutor.java:231)
... 37 more
... Removed 28 stack frames]]>
    </failure>
  </testcase> <!-- @BeforeTest SetUp -->
  <testcase classname="com.testing.SetUp" name="@AfterTest AfterTest" time="0.0">
    <skipped/>
  </testcase> <!-- @AfterTest AfterTest -->
  <testcase classname="com.testing.tokopedia.SplashScreen" name="SkipSplashScreen" time="0.0">
    <skipped/>
  </testcase> <!-- SkipSplashScreen -->
  <testcase classname="com.testing.tokopedia.Home" name="Search" time="0.0">
    <skipped/>
  </testcase> <!-- Search -->
  <testcase classname="com.testing.tokopedia.search.Search" name="OrderBy" time="0.0">
    <skipped/>
  </testcase> <!-- OrderBy -->
  <testcase classname="com.testing.tokopedia.search.Search" name="SelectTopAds" time="0.0">
    <skipped/>
  </testcase> <!-- SelectTopAds -->
  <testcase classname="com.testing.tokopedia.Login" name="SummaryLogin" time="0.0">
    <skipped/>
  </testcase> <!-- SummaryLogin -->
  <testcase classname="com.testing.tokopedia.search.Summary" name="Buy" time="0.0">
    <skipped/>
  </testcase> <!-- Buy -->
  <testcase classname="com.testing.tokopedia.search.Cart" name="Note" time="0.0">
    <skipped/>
  </testcase> <!-- Note -->
  <testcase classname="com.testing.tokopedia.search.Cart" name="AddQuantity" time="0.0">
    <skipped/>
  </testcase> <!-- AddQuantity -->
  <testcase classname="com.testing.tokopedia.search.Cart" name="Checkout" time="0.0">
    <skipped/>
  </testcase> <!-- Checkout -->
  <testcase classname="com.testing.tokopedia.search.Checkout" name="ChooseCourrier" time="0.0">
    <skipped/>
  </testcase> <!-- ChooseCourrier -->
  <testcase classname="com.testing.tokopedia.search.Checkout" name="Pay" time="0.0">
    <skipped/>
  </testcase> <!-- Pay -->
  <testcase classname="com.testing.tokopedia.search.Search" name="Select" time="0.0">
    <ignored/>
  </testcase> <!-- Select -->
  <testcase classname="com.testing.tokopedia.Login" name="Login" time="0.0">
    <ignored/>
  </testcase> <!-- Login -->
</testsuite> <!-- PR_IT_001 Purchase sepatu futsal with order by Harga Tertinggi in android -->
